Determining if the pthread_create exist failed with the following output:
Change Dir: /home/lu/Desktop/PanoMotionEst/LieSpline/build/CMakeFiles/CMakeTmp

Run Build Command:"/usr/bin/make" "cmTC_67935/fast"
/usr/bin/make -f CMakeFiles/cmTC_67935.dir/build.make CMakeFiles/cmTC_67935.dir/build
make[1]: Entering directory '/home/lu/Desktop/PanoMotionEst/LieSpline/build/CMakeFiles/CMakeTmp'
Building C object CMakeFiles/cmTC_67935.dir/CheckSymbolExists.c.o
/usr/bin/cc    -o CMakeFiles/cmTC_67935.dir/CheckSymbolExists.c.o   -c /home/lu/Desktop/PanoMotionEst/LieSpline/build/CMakeFiles/CMakeTmp/CheckSymbolExists.c
Linking C executable cmTC_67935
/usr/bin/cmake -E cmake_link_script CMakeFiles/cmTC_67935.dir/link.txt --verbose=1
/usr/bin/cc      CMakeFiles/cmTC_67935.dir/CheckSymbolExists.c.o  -o cmTC_67935 
CMakeFiles/cmTC_67935.dir/CheckSymbolExists.c.o: In function `main':
CheckSymbolExists.c:(.text+0x1b): undefined reference to `pthread_create'
collect2: error: ld returned 1 exit status
CMakeFiles/cmTC_67935.dir/build.make:97: recipe for target 'cmTC_67935' failed
make[1]: *** [cmTC_67935] Error 1
make[1]: Leaving directory '/home/lu/Desktop/PanoMotionEst/LieSpline/build/CMakeFiles/CMakeTmp'
Makefile:126: recipe for target 'cmTC_67935/fast' failed
make: *** [cmTC_67935/fast] Error 2

File /home/lu/Desktop/PanoMotionEst/LieSpline/build/CMakeFiles/CMakeTmp/CheckSymbolExists.c:
/* */
#include <pthread.h>

int main(int argc, char** argv)
{
  (void)argv;
#ifndef pthread_create
  return ((int*)(&pthread_create))[argc];
#else
  (void)argc;
  return 0;
#endif
}

Determining if the function pthread_create exists in the pthreads failed with the following output:
Change Dir: /home/lu/Desktop/PanoMotionEst/LieSpline/build/CMakeFiles/CMakeTmp

Run Build Command:"/usr/bin/make" "cmTC_ab692/fast"
/usr/bin/make -f CMakeFiles/cmTC_ab692.dir/build.make CMakeFiles/cmTC_ab692.dir/build
make[1]: Entering directory '/home/lu/Desktop/PanoMotionEst/LieSpline/build/CMakeFiles/CMakeTmp'
Building C object CMakeFiles/cmTC_ab692.dir/CheckFunctionExists.c.o
/usr/bin/cc   -DCHECK_FUNCTION_EXISTS=pthread_create   -o CMakeFiles/cmTC_ab692.dir/CheckFunctionExists.c.o   -c /usr/share/cmake-3.10/Modules/CheckFunctionExists.c
Linking C executable cmTC_ab692
/usr/bin/cmake -E cmake_link_script CMakeFiles/cmTC_ab692.dir/link.txt --verbose=1
/usr/bin/cc  -DCHECK_FUNCTION_EXISTS=pthread_create    CMakeFiles/cmTC_ab692.dir/CheckFunctionExists.c.o  -o cmTC_ab692 -lpthreads 
/usr/bin/ld: cannot find -lpthreads
collect2: error: ld returned 1 exit status
CMakeFiles/cmTC_ab692.dir/build.make:97: recipe for target 'cmTC_ab692' failed
make[1]: *** [cmTC_ab692] Error 1
make[1]: Leaving directory '/home/lu/Desktop/PanoMotionEst/LieSpline/build/CMakeFiles/CMakeTmp'
Makefile:126: recipe for target 'cmTC_ab692/fast' failed
make: *** [cmTC_ab692/fast] Error 2


Performing C++ SOURCE FILE Test HAVE_CXX_FLAG_WSHORTEN_64_TO_32 failed with the following output:
Change Dir: /home/lu/Desktop/PanoMotionEst/LieSpline/build/CMakeFiles/CMakeTmp

Run Build Command:"/usr/bin/make" "cmTC_79a94/fast"
/usr/bin/make -f CMakeFiles/cmTC_79a94.dir/build.make CMakeFiles/cmTC_79a94.dir/build
make[1]: Entering directory '/home/lu/Desktop/PanoMotionEst/LieSpline/build/CMakeFiles/CMakeTmp'
Building CXX object CMakeFiles/cmTC_79a94.dir/src.cxx.o
/usr/bin/c++    -ftemplate-backtrace-limit=0 -Wall -Wsign-compare -march=native   -std=c++11  -Wall  -Wextra  -Wshadow  -pedantic  -pedantic-errors -DHAVE_CXX_FLAG_WSHORTEN_64_TO_32  -Wshorten-64-to-32   -Wshorten-64-to-32 -o CMakeFiles/cmTC_79a94.dir/src.cxx.o -c /home/lu/Desktop/PanoMotionEst/LieSpline/build/CMakeFiles/CMakeTmp/src.cxx
c++: error: unrecognized command line option '-Wshorten-64-to-32'
c++: error: unrecognized command line option '-Wshorten-64-to-32'
CMakeFiles/cmTC_79a94.dir/build.make:65: recipe for target 'CMakeFiles/cmTC_79a94.dir/src.cxx.o' failed
make[1]: *** [CMakeFiles/cmTC_79a94.dir/src.cxx.o] Error 1
make[1]: Leaving directory '/home/lu/Desktop/PanoMotionEst/LieSpline/build/CMakeFiles/CMakeTmp'
Makefile:126: recipe for target 'cmTC_79a94/fast' failed
make: *** [cmTC_79a94/fast] Error 2

Source file was:
int main() { return 0; }
Performing C++ SOURCE FILE Test HAVE_CXX_FLAG_WD654 failed with the following output:
Change Dir: /home/lu/Desktop/PanoMotionEst/LieSpline/build/CMakeFiles/CMakeTmp

Run Build Command:"/usr/bin/make" "cmTC_9202b/fast"
/usr/bin/make -f CMakeFiles/cmTC_9202b.dir/build.make CMakeFiles/cmTC_9202b.dir/build
make[1]: Entering directory '/home/lu/Desktop/PanoMotionEst/LieSpline/build/CMakeFiles/CMakeTmp'
Building CXX object CMakeFiles/cmTC_9202b.dir/src.cxx.o
/usr/bin/c++    -ftemplate-backtrace-limit=0 -Wall -Wsign-compare -march=native   -std=c++11  -Wall  -Wextra  -Wshadow  -pedantic  -pedantic-errors  -fstrict-aliasing  -Wno-deprecated-declarations  -fno-exceptions  -Wstrict-aliasing -DHAVE_CXX_FLAG_WD654  -wd654   -wd654 -o CMakeFiles/cmTC_9202b.dir/src.cxx.o -c /home/lu/Desktop/PanoMotionEst/LieSpline/build/CMakeFiles/CMakeTmp/src.cxx
c++: error: unrecognized command line option '-wd654'
c++: error: unrecognized command line option '-wd654'
CMakeFiles/cmTC_9202b.dir/build.make:65: recipe for target 'CMakeFiles/cmTC_9202b.dir/src.cxx.o' failed
make[1]: *** [CMakeFiles/cmTC_9202b.dir/src.cxx.o] Error 1
make[1]: Leaving directory '/home/lu/Desktop/PanoMotionEst/LieSpline/build/CMakeFiles/CMakeTmp'
Makefile:126: recipe for target 'cmTC_9202b/fast' failed
make: *** [cmTC_9202b/fast] Error 2

Source file was:
int main() { return 0; }
Performing C++ SOURCE FILE Test HAVE_CXX_FLAG_WTHREAD_SAFETY failed with the following output:
Change Dir: /home/lu/Desktop/PanoMotionEst/LieSpline/build/CMakeFiles/CMakeTmp

Run Build Command:"/usr/bin/make" "cmTC_9d499/fast"
/usr/bin/make -f CMakeFiles/cmTC_9d499.dir/build.make CMakeFiles/cmTC_9d499.dir/build
make[1]: Entering directory '/home/lu/Desktop/PanoMotionEst/LieSpline/build/CMakeFiles/CMakeTmp'
Building CXX object CMakeFiles/cmTC_9d499.dir/src.cxx.o
/usr/bin/c++    -ftemplate-backtrace-limit=0 -Wall -Wsign-compare -march=native   -std=c++11  -Wall  -Wextra  -Wshadow  -pedantic  -pedantic-errors  -fstrict-aliasing  -Wno-deprecated-declarations  -fno-exceptions  -Wstrict-aliasing -DHAVE_CXX_FLAG_WTHREAD_SAFETY  -Wthread-safety   -Wthread-safety -o CMakeFiles/cmTC_9d499.dir/src.cxx.o -c /home/lu/Desktop/PanoMotionEst/LieSpline/build/CMakeFiles/CMakeTmp/src.cxx
c++: error: unrecognized command line option '-Wthread-safety'; did you mean '-fthread-jumps'?
c++: error: unrecognized command line option '-Wthread-safety'; did you mean '-fthread-jumps'?
CMakeFiles/cmTC_9d499.dir/build.make:65: recipe for target 'CMakeFiles/cmTC_9d499.dir/src.cxx.o' failed
make[1]: *** [CMakeFiles/cmTC_9d499.dir/src.cxx.o] Error 1
make[1]: Leaving directory '/home/lu/Desktop/PanoMotionEst/LieSpline/build/CMakeFiles/CMakeTmp'
Makefile:126: recipe for target 'cmTC_9d499/fast' failed
make: *** [cmTC_9d499/fast] Error 2

Source file was:
int main() { return 0; }
